0 info it worked if it ends with ok
1 verbose cli [ 'D:\\Logiciels\\nodejs\\\\node.exe',
1 verbose cli   'D:\\Logiciels\\nodejs\\node_modules\\npm\\bin\\npm-cli.js',
1 verbose cli   'install' ]
2 info using npm@1.4.28
3 info using node@v0.10.33
4 verbose node symlink D:\Logiciels\nodejs\\node.exe
5 verbose readDependencies using package.json deps
6 verbose install where, deps [ 'D:\\documents\\GitHub\\task-distributor',
6 verbose install   [ 'express', 'jade', 'socket.io', 'mongoose', 'jsonwebtoken' ] ]
7 info preinstall task-distributor@1.0.0
8 verbose readDependencies using package.json deps
9 verbose already installed skipping express@~3.2.6 D:\documents\GitHub\task-distributor
10 verbose already installed skipping jade@~0.31.2 D:\documents\GitHub\task-distributor
11 verbose already installed skipping socket.io@~0.9.16 D:\documents\GitHub\task-distributor
12 verbose cache add [ 'mongoose@~', null ]
13 verbose cache add name=undefined spec="mongoose@~" args=["mongoose@~",null]
14 verbose parsed url { protocol: null,
14 verbose parsed url   slashes: null,
14 verbose parsed url   auth: null,
14 verbose parsed url   host: null,
14 verbose parsed url   port: null,
14 verbose parsed url   hostname: null,
14 verbose parsed url   hash: null,
14 verbose parsed url   search: null,
14 verbose parsed url   query: null,
14 verbose parsed url   pathname: 'mongoose@~',
14 verbose parsed url   path: 'mongoose@~',
14 verbose parsed url   href: 'mongoose@~' }
15 verbose cache add [ 'jsonwebtoken@0.4.0', null ]
16 verbose cache add name=undefined spec="jsonwebtoken@0.4.0" args=["jsonwebtoken@0.4.0",null]
17 verbose parsed url { protocol: null,
17 verbose parsed url   slashes: null,
17 verbose parsed url   auth: null,
17 verbose parsed url   host: null,
17 verbose parsed url   port: null,
17 verbose parsed url   hostname: null,
17 verbose parsed url   hash: null,
17 verbose parsed url   search: null,
17 verbose parsed url   query: null,
17 verbose parsed url   pathname: 'jsonwebtoken@0.4.0',
17 verbose parsed url   path: 'jsonwebtoken@0.4.0',
17 verbose parsed url   href: 'jsonwebtoken@0.4.0' }
18 verbose cache add name="mongoose" spec="~" args=["mongoose","~"]
19 verbose parsed url { protocol: null,
19 verbose parsed url   slashes: null,
19 verbose parsed url   auth: null,
19 verbose parsed url   host: null,
19 verbose parsed url   port: null,
19 verbose parsed url   hostname: null,
19 verbose parsed url   hash: null,
19 verbose parsed url   search: null,
19 verbose parsed url   query: null,
19 verbose parsed url   pathname: '~',
19 verbose parsed url   path: '~',
19 verbose parsed url   href: '~' }
20 verbose addNamed [ 'mongoose', '~' ]
21 verbose addNamed [ null, null ]
22 verbose cache add name="jsonwebtoken" spec="0.4.0" args=["jsonwebtoken","0.4.0"]
23 verbose parsed url { protocol: null,
23 verbose parsed url   slashes: null,
23 verbose parsed url   auth: null,
23 verbose parsed url   host: null,
23 verbose parsed url   port: null,
23 verbose parsed url   hostname: null,
23 verbose parsed url   hash: null,
23 verbose parsed url   search: null,
23 verbose parsed url   query: null,
23 verbose parsed url   pathname: '0.4.0',
23 verbose parsed url   path: '0.4.0',
23 verbose parsed url   href: '0.4.0' }
24 verbose addNamed [ 'jsonwebtoken', '0.4.0' ]
25 verbose addNamed [ '0.4.0', '0.4.0' ]
26 silly lockFile f0b043b2-mongoose mongoose@~
27 verbose lock mongoose@~ C:\Users\a.lebrun\AppData\Roaming\npm-cache\f0b043b2-mongoose.lock
28 silly lockFile 41b7ed28-jsonwebtoken-0-4-0 jsonwebtoken@0.4.0
29 verbose lock jsonwebtoken@0.4.0 C:\Users\a.lebrun\AppData\Roaming\npm-cache\41b7ed28-jsonwebtoken-0-4-0.lock
30 info addNameTag [ 'mongoose', '~' ]
31 verbose request where is /jsonwebtoken
32 verbose request registry https://registry.npmjs.org/
33 verbose request id 8491d56996552d98
34 verbose url raw /jsonwebtoken
35 verbose url resolving [ 'https://registry.npmjs.org/', './jsonwebtoken' ]
36 verbose url resolved https://registry.npmjs.org/jsonwebtoken
37 verbose request where is https://registry.npmjs.org/jsonwebtoken
38 info trying registry request attempt 1 at 15:09:51
39 verbose etag "AKV83TPEB5CF7WFL5MOF5S72V"
40 http GET https://registry.npmjs.org/jsonwebtoken
41 verbose request where is /mongoose
42 verbose request registry https://registry.npmjs.org/
43 verbose url raw /mongoose
44 verbose url resolving [ 'https://registry.npmjs.org/', './mongoose' ]
45 verbose url resolved https://registry.npmjs.org/mongoose
46 verbose request where is https://registry.npmjs.org/mongoose
47 info trying registry request attempt 1 at 15:09:51
48 verbose etag "47UTUXN079KVF7JDHY56QB37E"
49 http GET https://registry.npmjs.org/mongoose
50 http 304 https://registry.npmjs.org/jsonwebtoken
51 silly registry.get cb [ 304,
51 silly registry.get   { date: 'Thu, 05 Mar 2015 14:09:51 GMT',
51 silly registry.get     server: 'Apache',
51 silly registry.get     via: '1.1 varnish',
51 silly registry.get     'last-modified': 'Thu, 05 Mar 2015 14:09:51 GMT',
51 silly registry.get     'cache-control': 'max-age=60',
51 silly registry.get     etag: '"AKV83TPEB5CF7WFL5MOF5S72V"',
51 silly registry.get     age: '30',
51 silly registry.get     'x-served-by': 'cache-lhr6330-LHR',
51 silly registry.get     'x-cache': 'HIT',
51 silly registry.get     'x-cache-hits': '1',
51 silly registry.get     'x-timer': 'S1425564591.918547,VS0,VE0',
51 silly registry.get     vary: 'Accept',
51 silly registry.get     'content-length': '0',
51 silly registry.get     'keep-alive': 'timeout=10, max=50',
51 silly registry.get     connection: 'Keep-Alive' } ]
52 verbose etag https://registry.npmjs.org/jsonwebtoken from cache
53 silly lockFile 41b7ed28-jsonwebtoken-0-4-0 jsonwebtoken@0.4.0
54 silly lockFile 41b7ed28-jsonwebtoken-0-4-0 jsonwebtoken@0.4.0
55 http 304 https://registry.npmjs.org/mongoose
56 silly registry.get cb [ 304,
56 silly registry.get   { date: 'Thu, 05 Mar 2015 14:09:51 GMT',
56 silly registry.get     server: 'Apache',
56 silly registry.get     via: '1.1 varnish',
56 silly registry.get     'last-modified': 'Thu, 05 Mar 2015 14:09:51 GMT',
56 silly registry.get     'cache-control': 'max-age=60',
56 silly registry.get     etag: '"47UTUXN079KVF7JDHY56QB37E"',
56 silly registry.get     age: '29',
56 silly registry.get     'x-served-by': 'cache-lhr6322-LHR',
56 silly registry.get     'x-cache': 'HIT',
56 silly registry.get     'x-cache-hits': '1',
56 silly registry.get     'x-timer': 'S1425564591.933981,VS0,VE3',
56 silly registry.get     vary: 'Accept',
56 silly registry.get     'content-length': '0',
56 silly registry.get     'keep-alive': 'timeout=10, max=50',
56 silly registry.get     connection: 'Keep-Alive' } ]
57 verbose etag https://registry.npmjs.org/mongoose from cache
58 silly lockFile f0b043b2-mongoose mongoose@~
59 silly lockFile f0b043b2-mongoose mongoose@~
60 error notarget No compatible version found: mongoose@'~'
60 error notarget Valid install targets:
60 error notarget ["0.0.1","0.0.2","0.0.3","0.0.4","0.0.5","1.0.0","1.0.1","1.0.2","0.0.6","1.0.3","1.0.4","1.0.5","1.0.6","1.0.7","1.0.8","1.0.10","1.0.11","1.0.12","1.0.13","1.0.14","1.0.15","1.0.16","1.1.0","1.1.1","1.1.2","1.1.3","1.1.4","1.1.5","1.1.6","1.1.7","1.1.8","1.1.9","1.1.10","1.1.11","1.1.12","1.1.13","1.1.14","1.1.15","1.1.16","1.1.17","1.1.18","1.1.19","1.1.20","1.1.21","1.1.22","1.1.23","1.1.24","1.1.25","1.2.0","1.3.0","1.3.1","1.3.2","1.3.3","1.3.4","1.3.5","1.3.6","1.3.7","1.4.0","1.5.0","1.6.0","1.7.2","1.7.3","1.7.4","1.8.0","1.8.1","1.8.2","1.8.3","1.8.4","2.0.0","2.0.1","2.0.2","2.0.3","2.0.4","2.1.0","2.1.1","2.1.2","2.1.3","2.1.4","2.2.0","2.2.1","2.2.2","2.2.3","2.2.4","2.3.0","2.3.1","2.3.2","2.3.3","2.3.4","2.3.5","2.3.6","2.3.7","2.3.8","2.3.9","2.3.10","2.3.11","2.3.12","2.3.13","2.4.0","2.4.1","2.4.2","2.4.3","2.4.4","2.4.5","2.4.6","2.4.7","2.4.8","2.4.9","2.4.10","2.5.0","2.5.1","2.5.2","2.5.3","2.5.4","2.5.5","2.5.6","2.5.7","2.5.8","2.5.9","2.5.10","2.5.11","2.5.12","2.5.13","2.5.14","2.6.0","2.6.1","2.6.2","2.6.3","2.6.4","2.6.5","2.6.6","2.6.7","2.6.8","2.7.0","2.7.1","2.7.2","2.7.4","2.7.3","3.0.0","3.0.1","3.0.2","2.8.0","3.0.3","3.1.0","2.8.1","3.1.1","2.8.2","2.8.3","2.9.0","3.2.0","2.9.1","3.2.1","2.9.2","3.2.2","3.3.0","3.3.1","2.9.3","3.4.0","2.9.4","2.9.5","3.5.0","3.5.1","3.5.2","3.5.3","2.9.6","2.9.7","3.5.4","3.5.5","2.9.8","2.9.9","3.5.6","3.5.7","3.5.8","2.9.10","3.5.9","3.6.2","3.5.10","3.6.3","3.5.11","3.6.4","3.6.5","3.6.6","3.6.7","3.5.12","3.6.8","3.6.9","3.6.10","3.5.13","3.5.14","3.6.11","3.6.12","3.6.13","3.6.14","3.6.15","3.5.15","3.7.0","3.6.16","3.5.16","3.6.17","3.7.2","3.0.0-alpha1","3.0.0-alpha2","3.0.0-rc0","3.6.0-rc0","3.6.0-rc1","3.6.18","3.7.3","3.6.19","3.6.20","3.7.4","3.8.0","3.8.1","3.8.2","3.8.3","3.8.4","3.8.5","3.8.6","3.8.7","3.8.8","3.8.9","3.8.10","3.8.11","3.9.0","3.8.12","3.8.13","3.8.14","3.8.15","3.9.1","3.8.16","3.9.2","3.8.17","3.9.3","3.8.18","3.9.4","3.8.19","3.9.5","3.8.20","3.9.6","3.8.21","3.9.7","3.8.22","4.0.0-rc0","4.0.0-rc1","3.8.23","4.0.0-rc2","3.8.24","4.0.0-rc3"]
60 error notarget
60 error notarget This is most likely not a problem with npm itself.
60 error notarget In most cases you or one of your dependencies are requesting
60 error notarget a package version that doesn't exist.
61 error System Windows_NT 6.1.7601
62 error command "D:\\Logiciels\\nodejs\\\\node.exe" "D:\\Logiciels\\nodejs\\node_modules\\npm\\bin\\npm-cli.js" "install"
63 error cwd D:\documents\GitHub\task-distributor
64 error node -v v0.10.33
65 error npm -v 1.4.28
66 error code ETARGET
67 verbose exit [ 1, true ]
